<?xml version="1.0"?><coverage lines-covered="286" lines-valid="964" line-rate="0.2966804979253112" branches-covered="0" branches-valid="0" branch-rate="0" complexity="0" version="1.9" timestamp="1770734433"><sources><source>/usr/src/reaper</source></sources><packages><package name="src/bin/containerd-shim-reaper-v2" line-rate="0.062111801242236024" branch-rate="0" complexity="0"><classes><class name="main" filename="src/bin/containerd-shim-reaper-v2/main.rs" line-rate="0.062111801242236024" branch-rate="0" complexity="0"><methods/><lines><line number="16" hits="1"/><line number="18" hits="2"/><line number="19" hits="1"/><line number="20" hits="0"/><line number="22" hits="0"/><line number="25" hits="1"/><line number="33" hits="0"/><line number="39" hits="0"/><line number="40" hits="0"/><line number="41" hits="0"/><line number="42" hits="0"/><line number="43" hits="0"/><line number="44" hits="0"/><line number="45" hits="0"/><line number="46" hits="0"/><line number="47" hits="0"/><line number="59" hits="0"/><line number="60" hits="0"/><line number="61" hits="0"/><line number="62" hits="0"/><line number="66" hits="0"/><line number="69" hits="0"/><line number="71" hits="0"/><line number="74" hits="0"/><line number="75" hits="0"/><line number="89" hits="0"/><line number="92" hits="0"/><line number="117" hits="0"/><line number="132" hits="0"/><line number="133" hits="0"/><line number="134" hits="0"/><line number="141" hits="0"/><line number="146" hits="0"/><line number="152" hits="0"/><line number="185" hits="0"/><line number="202" hits="0"/><line number="203" hits="0"/><line number="204" hits="0"/><line number="205" hits="0"/><line number="206" hits="0"/><line number="207" hits="0"/><line number="211" hits="0"/><line number="212" hits="0"/><line number="213" hits="0"/><line number="214" hits="0"/><line number="215" hits="0"/><line number="222" hits="0"/><line number="223" hits="0"/><line number="224" hits="0"/><line number="225" hits="0"/><line number="230" hits="0"/><line number="232" hits="0"/><line number="233" hits="0"/><line number="237" hits="0"/><line number="242" hits="0"/><line number="251" hits="0"/><line number="252" hits="0"/><line number="254" hits="0"/><line number="255" hits="0"/><line number="256" hits="0"/><line number="259" hits="0"/><line number="260" hits="0"/><line number="262" hits="0"/><line number="266" hits="0"/><line number="267" hits="0"/><line number="270" hits="0"/><line number="274" hits="0"/><line number="279" hits="0"/><line number="280" hits="0"/><line number="282" hits="0"/><line number="284" hits="0"/><line number="285" hits="0"/><line number="287" hits="0"/><line number="289" hits="0"/><line number="358" hits="0"/><line number="359" hits="0"/><line number="360" hits="0"/><line number="361" hits="0"/><line number="362" hits="0"/><line number="363" hits="0"/><line number="366" hits="0"/><line number="367" hits="0"/><line number="371" hits="0"/><line number="372" hits="0"/><line number="374" hits="0"/><line number="375" hits="0"/><line number="377" hits="0"/><line number="378" hits="0"/><line number="381" hits="0"/><line number="384" hits="0"/><line number="385" hits="0"/><line number="386" hits="0"/><line number="387" hits="0"/><line number="388" hits="0"/><line number="391" hits="0"/><line number="392" hits="0"/><line number="393" hits="0"/><line number="394" hits="0"/><line number="395" hits="0"/><line number="436" hits="0"/><line number="437" hits="0"/><line number="438" hits="0"/><line number="439" hits="0"/><line number="443" hits="0"/><line number="444" hits="0"/><line number="446" hits="0"/><line number="447" hits="0"/><line number="463" hits="0"/><line number="464" hits="0"/><line number="465" hits="0"/><line number="466" hits="0"/><line number="467" hits="0"/><line number="468" hits="0"/><line number="469" hits="0"/><line number="474" hits="0"/><line number="476" hits="0"/><line number="515" hits="0"/><line number="516" hits="0"/><line number="519" hits="0"/><line number="520" hits="0"/><line number="521" hits="0"/><line number="522" hits="0"/><line number="523" hits="0"/><line number="526" hits="0"/><line number="527" hits="0"/><line number="528" hits="0"/><line number="529" hits="0"/><line number="530" hits="0"/><line number="546" hits="0"/><line number="547" hits="0"/><line number="548" hits="0"/><line number="549" hits="0"/><line number="550" hits="0"/><line number="553" hits="0"/><line number="554" hits="0"/><line number="555" hits="0"/><line number="556" hits="0"/><line number="557" hits="0"/><line number="560" hits="0"/><line number="561" hits="0"/><line number="562" hits="0"/><line number="563" hits="0"/><line number="564" hits="0"/><line number="569" hits="0"/><line number="570" hits="0"/><line number="571" hits="0"/><line number="572" hits="0"/><line number="573" hits="0"/><line number="634" hits="0"/><line number="635" hits="0"/><line number="636" hits="0"/><line number="637" hits="0"/><line number="638" hits="0"/><line number="641" hits="0"/><line number="642" hits="0"/><line number="643" hits="0"/><line number="644" hits="0"/><line number="645" hits="0"/><line number="648" hits="0"/><line number="649" hits="0"/><line number="650" hits="0"/><line number="651" hits="0"/><line number="652" hits="0"/><line number="671" hits="0"/><line number="734" hits="0"/><line number="735" hits="0"/><line number="736" hits="0"/><line number="737" hits="0"/><line number="738" hits="0"/><line number="739" hits="0"/><line number="745" hits="0"/><line number="746" hits="0"/><line number="747" hits="0"/><line number="748" hits="0"/><line number="749" hits="0"/><line number="752" hits="0"/><line number="753" hits="0"/><line number="754" hits="0"/><line number="755" hits="0"/><line number="756" hits="0"/><line number="831" hits="0"/><line number="832" hits="0"/><line number="833" hits="0"/><line number="835" hits="0"/><line number="836" hits="0"/><line number="838" hits="0"/><line number="839" hits="0"/><line number="840" hits="0"/><line number="841" hits="0"/><line number="842" hits="0"/><line number="843" hits="0"/><line number="844" hits="0"/><line number="845" hits="0"/><line number="850" hits="0"/><line number="851" hits="0"/><line number="882" hits="0"/><line number="883" hits="0"/><line number="884" hits="0"/><line number="888" hits="0"/><line number="889" hits="0"/><line number="893" hits="0"/><line number="896" hits="0"/><line number="897" hits="0"/><line number="898" hits="0"/><line number="899" hits="0"/><line number="901" hits="0"/><line number="902" hits="0"/><line number="903" hits="0"/><line number="904" hits="0"/><line number="906" hits="0"/><line number="907" hits="0"/><line number="908" hits="0"/><line number="909" hits="0"/><line number="915" hits="0"/><line number="916" hits="0"/><line number="917" hits="0"/><line number="923" hits="0"/><line number="924" hits="0"/><line number="1021" hits="0"/><line number="1022" hits="0"/><line number="1023" hits="0"/><line number="1024" hits="0"/><line number="1025" hits="0"/><line number="1028" hits="0"/><line number="1029" hits="0"/><line number="1030" hits="0"/><line number="1031" hits="0"/><line number="1032" hits="0"/><line number="1035" hits="0"/><line number="1036" hits="0"/><line number="1037" hits="0"/><line number="1038" hits="0"/><line number="1039" hits="0"/><line number="1052" hits="0"/><line number="1053" hits="0"/><line number="1054" hits="0"/><line number="1055" hits="0"/><line number="1056" hits="0"/><line number="1102" hits="0"/><line number="1103" hits="0"/><line number="1104" hits="0"/><line number="1105" hits="0"/><line number="1106" hits="0"/><line number="1109" hits="0"/><line number="1110" hits="0"/><line number="1111" hits="0"/><line number="1112" hits="0"/><line number="1113" hits="0"/><line number="1116" hits="0"/><line number="1117" hits="0"/><line number="1118" hits="0"/><line number="1119" hits="0"/><line number="1120" hits="0"/><line number="1156" hits="0"/><line number="1157" hits="0"/><line number="1158" hits="0"/><line number="1159" hits="0"/><line number="1164" hits="0"/><line number="1165" hits="0"/><line number="1166" hits="0"/><line number="1167" hits="0"/><line number="1173" hits="0"/><line number="1174" hits="0"/><line number="1175" hits="0"/><line number="1176" hits="0"/><line number="1179" hits="0"/><line number="1180" hits="0"/><line number="1181" hits="0"/><line number="1182" hits="0"/><line number="1213" hits="0"/><line number="1214" hits="0"/><line number="1215" hits="0"/><line number="1216" hits="0"/><line number="1283" hits="0"/><line number="1284" hits="0"/><line number="1285" hits="0"/><line number="1286" hits="0"/><line number="1287" hits="0"/><line number="1290" hits="0"/><line number="1291" hits="0"/><line number="1292" hits="0"/><line number="1293" hits="0"/><line number="1294" hits="0"/><line number="1297" hits="0"/><line number="1298" hits="0"/><line number="1299" hits="0"/><line number="1300" hits="0"/><line number="1301" hits="0"/><line number="1306" hits="0"/><line number="1307" hits="0"/><line number="1308" hits="0"/><line number="1309" hits="0"/><line number="1310" hits="0"/><line number="1350" hits="2"/><line number="1355" hits="1"/><line number="1357" hits="0"/><line number="1360" hits="0"/><line number="1362" hits="0"/><line number="1364" hits="0"/><line number="1365" hits="0"/><line number="1368" hits="0"/><line number="1371" hits="0"/><line number="1372" hits="0"/><line number="1375" hits="0"/><line number="1376" hits="0"/><line number="1377" hits="0"/><line number="1384" hits="3"/><line number="1385" hits="2"/><line number="1386" hits="4"/><line number="1391" hits="1"/><line number="1399" hits="2"/><line number="1401" hits="2"/><line number="1402" hits="0"/><line number="1406" hits="1"/><line number="1409" hits="4"/><line number="1410" hits="1"/><line number="1411" hits="2"/><line number="1414" hits="1"/><line number="1415" hits="0"/><line number="1417" hits="1"/><line number="1430" hits="3"/><line number="1431" hits="1"/></lines></class></classes></package><package name="src/bin/reaper-runtime" line-rate="0.4162754303599374" branch-rate="0" complexity="0"><classes><class name="main" filename="src/bin/reaper-runtime/main.rs" line-rate="0.31835205992509363" branch-rate="0" complexity="0"><methods/><lines><line number="129" hits="32"/><line number="130" hits="86"/><line number="131" hits="96"/><line number="132" hits="130"/><line number="133" hits="155"/><line number="134" hits="31"/><line number="136" hits="26"/><line number="137" hits="26"/><line number="138" hits="78"/><line number="139" hits="78"/><line number="140" hits="26"/><line number="142" hits="31"/><line number="149" hits="5"/><line number="153" hits="9"/><line number="156" hits="5"/><line number="157" hits="10"/><line number="158" hits="7"/><line number="163" hits="16"/><line number="164" hits="8"/><line number="166" hits="12"/><line number="167" hits="4"/><line number="168" hits="4"/><line number="173" hits="4"/><line number="176" hits="16"/><line number="184" hits="16"/><line number="187" hits="32"/><line number="193" hits="96"/><line number="194" hits="16"/><line number="195" hits="32"/><line number="196" hits="32"/><line number="197" hits="32"/><line number="198" hits="32"/><line number="199" hits="16"/><line number="200" hits="48"/><line number="201" hits="16"/><line number="204" hits="27"/><line number="205" hits="81"/><line number="208" hits="81"/><line number="209" hits="54"/><line number="210" hits="54"/><line number="212" hits="81"/><line number="213" hits="52"/><line number="214" hits="26"/><line number="216" hits="78"/><line number="217" hits="52"/><line number="218" hits="0"/><line number="220" hits="78"/><line number="221" hits="104"/><line number="225" hits="78"/><line number="227" hits="26"/><line number="230" hits="26"/><line number="236" hits="52"/><line number="237" hits="34"/><line number="238" hits="8"/><line number="243" hits="18"/><line number="247" hits="78"/><line number="248" hits="78"/><line number="249" hits="78"/><line number="261" hits="26"/><line number="262" hits="13"/><line number="266" hits="13"/><line number="275" hits="26"/><line number="276" hits="39"/><line number="277" hits="26"/><line number="279" hits="39"/><line number="280" hits="52"/><line number="281" hits="39"/><line number="282" hits="13"/><line number="283" hits="13"/><line number="286" hits="13"/><line number="287" hits="0"/><line number="291" hits="0"/><line number="294" hits="39"/><line number="297" hits="13"/><line number="298" hits="0"/><line number="306" hits="39"/><line number="307" hits="13"/><line number="310" hits="0"/><line number="312" hits="0"/><line number="314" hits="0"/><line number="321" hits="52"/><line number="322" hits="26"/><line number="324" hits="13"/><line number="338" hits="26"/><line number="339" hits="39"/><line number="341" hits="39"/><line number="342" hits="13"/><line number="348" hits="13"/><line number="350" hits="0"/><line number="358" hits="26"/><line number="359" hits="26"/><line number="362" hits="13"/><line number="363" hits="13"/><line number="365" hits="0"/><line number="366" hits="0"/><line number="367" hits="0"/><line number="371" hits="0"/><line number="372" hits="0"/><line number="373" hits="0"/><line number="374" hits="0"/><line number="376" hits="0"/><line number="378" hits="0"/><line number="384" hits="52"/><line number="385" hits="52"/><line number="387" hits="13"/><line number="394" hits="0"/><line number="395" hits="0"/><line number="396" hits="0"/><line number="397" hits="0"/><line number="398" hits="0"/><line number="399" hits="0"/><line number="400" hits="0"/><line number="401" hits="0"/><line number="403" hits="0"/><line number="407" hits="0"/><line number="409" hits="0"/><line number="410" hits="0"/><line number="411" hits="0"/><line number="412" hits="0"/><line number="414" hits="0"/><line number="415" hits="0"/><line number="416" hits="0"/><line number="417" hits="0"/><line number="423" hits="0"/><line number="424" hits="0"/><line number="425" hits="0"/><line number="428" hits="0"/><line number="430" hits="0"/><line number="431" hits="0"/><line number="435" hits="0"/><line number="436" hits="0"/><line number="437" hits="0"/><line number="438" hits="0"/><line number="439" hits="0"/><line number="441" hits="0"/><line number="444" hits="0"/><line number="445" hits="0"/><line number="446" hits="0"/><line number="447" hits="0"/><line number="448" hits="0"/><line number="450" hits="0"/><line number="454" hits="0"/><line number="455" hits="0"/><line number="456" hits="0"/><line number="458" hits="0"/><line number="459" hits="0"/><line number="460" hits="0"/><line number="461" hits="0"/><line number="462" hits="0"/><line number="466" hits="0"/><line number="469" hits="0"/><line number="470" hits="0"/><line number="471" hits="0"/><line number="472" hits="0"/><line number="476" hits="0"/><line number="477" hits="0"/><line number="478" hits="0"/><line number="479" hits="0"/><line number="480" hits="0"/><line number="481" hits="0"/><line number="482" hits="0"/><line number="484" hits="0"/><line number="486" hits="0"/><line number="487" hits="0"/><line number="488" hits="0"/><line number="489" hits="0"/><line number="490" hits="0"/><line number="493" hits="0"/><line number="503" hits="0"/><line number="504" hits="0"/><line number="505" hits="0"/><line number="506" hits="0"/><line number="507" hits="0"/><line number="508" hits="0"/><line number="509" hits="0"/><line number="510" hits="0"/><line number="511" hits="0"/><line number="513" hits="0"/><line number="515" hits="0"/><line number="516" hits="0"/><line number="517" hits="0"/><line number="518" hits="0"/><line number="520" hits="0"/><line number="523" hits="0"/><line number="532" hits="0"/><line number="534" hits="0"/><line number="535" hits="0"/><line number="536" hits="0"/><line number="537" hits="0"/><line number="538" hits="0"/><line number="539" hits="0"/><line number="540" hits="0"/><line number="543" hits="0"/><line number="544" hits="0"/><line number="545" hits="0"/><line number="546" hits="0"/><line number="547" hits="0"/><line number="552" hits="0"/><line number="553" hits="0"/><line number="554" hits="0"/><line number="555" hits="0"/><line number="556" hits="0"/><line number="562" hits="39"/><line number="563" hits="39"/><line number="564" hits="39"/><line number="565" hits="26"/><line number="567" hits="20"/><line number="568" hits="14"/><line number="569" hits="28"/><line number="570" hits="21"/><line number="579" hits="26"/><line number="580" hits="13"/><line number="581" hits="0"/><line number="584" hits="0"/><line number="585" hits="0"/><line number="586" hits="0"/><line number="587" hits="0"/><line number="588" hits="0"/><line number="590" hits="0"/><line number="594" hits="0"/><line number="595" hits="0"/><line number="597" hits="0"/><line number="598" hits="0"/><line number="599" hits="0"/><line number="602" hits="0"/><line number="603" hits="0"/><line number="605" hits="0"/><line number="606" hits="0"/><line number="610" hits="0"/><line number="614" hits="0"/><line number="617" hits="26"/><line number="620" hits="0"/><line number="624" hits="26"/><line number="625" hits="18"/><line number="626" hits="5"/><line number="627" hits="4"/><line number="628" hits="3"/><line number="629" hits="12"/><line number="630" hits="3"/><line number="635" hits="1"/><line number="636" hits="1"/><line number="637" hits="3"/><line number="641" hits="2"/><line number="644" hits="16"/><line number="647" hits="0"/><line number="651" hits="26"/><line number="652" hits="14"/><line number="653" hits="1"/><line number="654" hits="1"/><line number="655" hits="1"/><line number="656" hits="4"/><line number="657" hits="1"/><line number="662" hits="0"/><line number="663" hits="0"/><line number="664" hits="0"/><line number="668" hits="0"/><line number="671" hits="24"/><line number="674" hits="0"/><line number="677" hits="13"/><line number="678" hits="13"/><line number="679" hits="26"/><line number="682" hits="39"/><line number="683" hits="52"/><line number="684" hits="26"/><line number="685" hits="26"/><line number="686" hits="26"/><line number="691" hits="26"/><line number="695" hits="13"/><line number="696" hits="13"/><line number="697" hits="52"/><line number="698" hits="19"/><line number="699" hits="12"/><line number="700" hits="6"/><line number="701" hits="3"/><line number="704" hits="0"/><line number="705" hits="0"/><line number="706" hits="0"/><line number="707" hits="0"/><line number="708" hits="0"/><line number="713" hits="0"/><line number="714" hits="0"/><line number="715" hits="0"/><line number="716" hits="0"/><line number="717" hits="0"/><line number="724" hits="13"/><line number="726" hits="0"/><line number="727" hits="0"/><line number="732" hits="2"/><line number="733" hits="2"/><line number="734" hits="6"/><line number="735" hits="2"/><line number="739" hits="6"/><line number="740" hits="2"/><line number="743" hits="0"/><line number="744" hits="0"/><line number="745" hits="0"/><line number="746" hits="0"/><line number="747" hits="0"/><line number="749" hits="0"/><line number="750" hits="0"/><line number="752" hits="0"/><line number="760" hits="0"/><line number="765" hits="0"/><line number="766" hits="0"/><line number="769" hits="0"/><line number="772" hits="7"/><line number="773" hits="7"/><line number="774" hits="14"/><line number="775" hits="7"/><line number="776" hits="7"/><line number="777" hits="7"/><line number="781" hits="0"/><line number="796" hits="0"/><line number="797" hits="0"/><line number="798" hits="0"/><line number="799" hits="0"/><line number="800" hits="0"/><line number="804" hits="0"/><line number="806" hits="0"/><line number="807" hits="0"/><line number="808" hits="0"/><line number="809" hits="0"/><line number="811" hits="0"/><line number="812" hits="0"/><line number="813" hits="0"/><line number="814" hits="0"/><line number="820" hits="0"/><line number="821" hits="0"/><line number="822" hits="0"/><line number="825" hits="0"/><line number="827" hits="0"/><line number="828" hits="0"/><line number="832" hits="0"/><line number="833" hits="0"/><line number="834" hits="0"/><line number="835" hits="0"/><line number="836" hits="0"/><line number="838" hits="0"/><line number="841" hits="0"/><line number="842" hits="0"/><line number="843" hits="0"/><line number="844" hits="0"/><line number="845" hits="0"/><line number="847" hits="0"/><line number="851" hits="0"/><line number="852" hits="0"/><line number="853" hits="0"/><line number="854" hits="0"/><line number="855" hits="0"/><line number="859" hits="0"/><line number="862" hits="0"/><line number="863" hits="0"/><line number="864" hits="0"/><line number="865" hits="0"/><line number="869" hits="0"/><line number="872" hits="0"/><line number="873" hits="0"/><line number="874" hits="0"/><line number="875" hits="0"/><line number="880" hits="0"/><line number="881" hits="0"/><line number="882" hits="0"/><line number="883" hits="0"/><line number="884" hits="0"/><line number="885" hits="0"/><line number="886" hits="0"/><line number="888" hits="0"/><line number="889" hits="0"/><line number="890" hits="0"/><line number="891" hits="0"/><line number="892" hits="0"/><line number="895" hits="0"/><line number="904" hits="0"/><line number="905" hits="0"/><line number="906" hits="0"/><line number="907" hits="0"/><line number="908" hits="0"/><line number="909" hits="0"/><line number="910" hits="0"/><line number="912" hits="0"/><line number="914" hits="0"/><line number="915" hits="0"/><line number="916" hits="0"/><line number="917" hits="0"/><line number="918" hits="0"/><line number="921" hits="0"/><line number="930" hits="0"/><line number="931" hits="0"/><line number="932" hits="0"/><line number="937" hits="0"/><line number="948" hits="0"/><line number="949" hits="0"/><line number="950" hits="0"/><line number="951" hits="0"/><line number="953" hits="0"/><line number="954" hits="0"/><line number="955" hits="0"/><line number="956" hits="0"/><line number="962" hits="0"/><line number="963" hits="0"/><line number="964" hits="0"/><line number="965" hits="0"/><line number="967" hits="0"/><line number="970" hits="0"/><line number="973" hits="0"/><line number="976" hits="0"/><line number="977" hits="0"/><line number="978" hits="0"/><line number="979" hits="0"/><line number="980" hits="0"/><line number="983" hits="0"/><line number="986" hits="0"/><line number="989" hits="0"/><line number="990" hits="0"/><line number="991" hits="0"/><line number="992" hits="0"/><line number="993" hits="0"/><line number="996" hits="0"/><line number="999" hits="0"/><line number="1002" hits="0"/><line number="1003" hits="0"/><line number="1004" hits="0"/><line number="1005" hits="0"/><line number="1006" hits="0"/><line number="1010" hits="0"/><line number="1013" hits="0"/><line number="1014" hits="0"/><line number="1015" hits="0"/><line number="1016" hits="0"/><line number="1019" hits="0"/><line number="1020" hits="0"/><line number="1021" hits="0"/><line number="1025" hits="0"/><line number="1026" hits="0"/><line number="1031" hits="0"/><line number="1033" hits="0"/><line number="1034" hits="0"/><line number="1035" hits="0"/><line number="1038" hits="0"/><line number="1039" hits="0"/><line number="1040" hits="0"/><line number="1041" hits="0"/><line number="1042" hits="0"/><line number="1043" hits="0"/><line number="1044" hits="0"/><line number="1045" hits="0"/><line number="1047" hits="0"/><line number="1048" hits="0"/><line number="1052" hits="0"/><line number="1055" hits="0"/><line number="1056" hits="0"/><line number="1057" hits="0"/><line number="1058" hits="0"/><line number="1059" hits="0"/><line number="1060" hits="0"/><line number="1063" hits="0"/><line number="1065" hits="0"/><line number="1066" hits="0"/><line number="1068" hits="0"/><line number="1070" hits="0"/><line number="1077" hits="0"/><line number="1078" hits="0"/><line number="1080" hits="0"/><line number="1081" hits="0"/><line number="1086" hits="0"/><line number="1087" hits="0"/><line number="1093" hits="0"/><line number="1094" hits="0"/><line number="1095" hits="0"/><line number="1096" hits="0"/><line number="1097" hits="0"/><line number="1098" hits="0"/><line number="1099" hits="0"/><line number="1101" hits="0"/><line number="1105" hits="0"/><line number="1107" hits="0"/><line number="1108" hits="0"/><line number="1109" hits="0"/><line number="1110" hits="0"/><line number="1111" hits="0"/><line number="1112" hits="0"/><line number="1113" hits="0"/><line number="1114" hits="0"/><line number="1118" hits="0"/><line number="1119" hits="0"/><line number="1120" hits="0"/><line number="1121" hits="0"/><line number="1122" hits="0"/><line number="1123" hits="0"/><line number="1124" hits="0"/><line number="1125" hits="0"/><line number="1126" hits="0"/><line number="1131" hits="0"/><line number="1132" hits="0"/><line number="1133" hits="0"/><line number="1134" hits="0"/><line number="1137" hits="0"/><line number="1139" hits="0"/><line number="1143" hits="53"/><line number="1146" hits="53"/><line number="1148" hits="0"/><line number="1151" hits="0"/><line number="1153" hits="0"/><line number="1155" hits="0"/><line number="1158" hits="0"/><line number="1161" hits="0"/><line number="1162" hits="0"/><line number="1165" hits="0"/><line number="1166" hits="0"/><line number="1167" hits="0"/><line number="1173" hits="159"/><line number="1174" hits="106"/><line number="1175" hits="212"/><line number="1180" hits="106"/><line number="1181" hits="53"/><line number="1187" hits="230"/><line number="1189" hits="106"/><line number="1191" hits="17"/><line number="1192" hits="17"/><line number="1193" hits="17"/><line number="1194" hits="17"/><line number="1195" hits="17"/><line number="1196" hits="119"/><line number="1197" hits="108"/><line number="1198" hits="6"/><line number="1199" hits="0"/><line number="1200" hits="21"/><line number="1202" hits="0"/><line number="1203" hits="0"/><line number="1204" hits="0"/><line number="1207" hits="68"/><line number="1208" hits="15"/><line number="1210" hits="38"/><line number="1213" hits="53"/></lines></class><class name="overlay" filename="src/bin/reaper-runtime/overlay.rs" line-rate="0.8363636363636363" branch-rate="0" complexity="0"><methods/><lines><line number="45" hits="2"/><line number="46" hits="4"/><line number="47" hits="2"/><line number="48" hits="3"/><line number="50" hits="4"/><line number="51" hits="2"/><line number="52" hits="4"/><line number="54" hits="4"/><line number="55" hits="2"/><line number="56" hits="4"/><line number="110" hits="1"/><line number="111" hits="2"/><line number="112" hits="3"/><line number="114" hits="2"/><line number="118" hits="2"/><line number="122" hits="4"/><line number="123" hits="1"/><line number="126" hits="1"/><line number="130" hits="1"/><line number="131" hits="1"/><line number="132" hits="1"/><line number="137" hits="0"/><line number="321" hits="2"/><line number="322" hits="2"/><line number="323" hits="0"/><line number="324" hits="0"/><line number="327" hits="8"/><line number="328" hits="24"/><line number="329" hits="24"/><line number="331" hits="6"/><line number="332" hits="6"/><line number="333" hits="0"/><line number="336" hits="3"/><line number="338" hits="0"/><line number="345" hits="3"/><line number="346" hits="6"/><line number="347" hits="12"/><line number="348" hits="36"/><line number="349" hits="17"/><line number="350" hits="16"/><line number="352" hits="5"/><line number="354" hits="0"/><line number="358" hits="3"/><line number="362" hits="2"/><line number="363" hits="10"/><line number="364" hits="16"/><line number="365" hits="8"/><line number="366" hits="4"/><line number="367" hits="2"/><line number="370" hits="4"/><line number="371" hits="3"/><line number="372" hits="0"/><line number="373" hits="0"/><line number="375" hits="6"/><line number="376" hits="0"/></lines></class><class name="state" filename="src/bin/reaper-runtime/state.rs" line-rate="1" branch-rate="0" complexity="0"><methods/><lines><line number="26" hits="18"/><line number="30" hits="54"/><line number="41" hits="211"/><line number="42" hits="211"/><line number="43" hits="211"/><line number="44" hits="212"/><line number="47" hits="209"/><line number="48" hits="418"/><line number="51" hits="130"/><line number="52" hits="130"/><line number="55" hits="16"/><line number="56" hits="16"/><line number="59" hits="34"/><line number="60" hits="102"/><line number="61" hits="68"/><line number="62" hits="102"/><line number="63" hits="136"/><line number="64" hits="34"/><line number="67" hits="95"/><line number="68" hits="380"/><line number="69" hits="340"/><line number="70" hits="85"/><line number="73" hits="14"/><line number="74" hits="42"/><line number="75" hits="28"/><line number="76" hits="56"/><line number="77" hits="28"/><line number="78" hits="14"/><line number="81" hits="1"/><line number="82" hits="4"/><line number="83" hits="4"/><line number="84" hits="1"/><line number="87" hits="9"/><line number="88" hits="27"/><line number="89" hits="9"/><line number="90" hits="16"/><line number="92" hits="9"/><line number="119" hits="3"/><line number="120" hits="6"/><line number="123" hits="1"/><line number="124" hits="3"/><line number="125" hits="2"/><line number="126" hits="3"/><line number="127" hits="5"/><line number="128" hits="1"/><line number="131" hits="1"/><line number="132" hits="4"/><line number="133" hits="3"/><line number="134" hits="4"/><line number="135" hits="1"/></lines></class></classes></package><package name="src" line-rate="0.2966804979253112" branch-rate="0" complexity="0"><classes><class name="main" filename="src/main.rs" line-rate="0" branch-rate="0" complexity="0"><methods/><lines><line number="1" hits="0"/><line number="2" hits="0"/><line number="3" hits="0"/></lines></class></classes></package><package name="target-linux/release/build/serde-1992783d9e586c9c/out" line-rate="0" branch-rate="0" complexity="0"><classes></classes></package><package name="target-linux/release/build/serde_core-ae6068386fb7b31b/out" line-rate="0" branch-rate="0" complexity="0"><classes></classes></package></packages></coverage>