<?xml version="1.0"?><coverage lines-covered="0" lines-valid="3" line-rate="0" branches-covered="0" branches-valid="0" branch-rate="0" complexity="0" version="1.9" timestamp="1768051059"><sources><source>/usr/src/reaper</source></sources><packages><package name="src" line-rate="0" branch-rate="0" complexity="0"><classes><class name="main" filename="src/main.rs" line-rate="0" branch-rate="0" complexity="0"><methods/><lines><line number="1" hits="0"/><line number="2" hits="0"/><line number="3" hits="0"/></lines></class></classes></package></packages></coverage>